10:01:12 **** Build of configuration Nios II for project accelerometer_c ****
make all 
Info: Building ../accelerometer_c_bsp/
C:/intelFPGA_lite/18.1/nios2eds/bin/gnu/H-x86_64-mingw32/bin/make --no-print-directory -C ../accelerometer_c_bsp/
[BSP build complete]
Info: Compiling led_acceleromter_main.c to obj/default/led_acceleromter_main.o
nios2-elf-gcc -xc -MP -MMD -c -I../accelerometer_c_bsp//HAL/inc -I../accelerometer_c_bsp/ -I../accelerometer_c_bsp//drivers/inc  -pipe -D__hal__ -DALT_NO_C_PLUS_PLUS -DALT_NO_CLEAN_EXIT -D'exit(a)=_exit(a)' -DALT_NO_EXIT -DALT_USE_DIRECT_DRIVERS -DALT_NO_INSTRUCTION_EMULATION -DALT_USE_SMALL_DRIVERS -DSMALL_C_LIB -DALT_SINGLE_THREADED    -Os -g -Wall   -mno-hw-div -mno-hw-mul -mno-hw-mulx -mgpopt=global  -o obj/default/led_acceleromter_main.o led_acceleromter_main.c
Info: Linking accelerometer_c.elf
nios2-elf-g++  -T'../accelerometer_c_bsp//linker.x' -msys-crt0='../accelerometer_c_bsp//obj/HAL/src/crt0.o' -msys-lib=hal_bsp -L../accelerometer_c_bsp/  -msmallc  -Wl,-Map=accelerometer_c.map   -Os -g -Wall   -mno-hw-div -mno-hw-mul -mno-hw-mulx -mgpopt=global  -o accelerometer_c.elf obj/default/led_acceleromter_main.o -lm -msys-lib=m
nios2-elf-insert accelerometer_c.elf --thread_model hal --cpu_name cpu --qsys true --simulation_enabled false --stderr_dev jtag_uart --stdin_dev jtag_uart --stdout_dev jtag_uart --sopc_system_name nios_accelerometer --quartus_project_dir "C:/Users/adam_/Desktop/Imperial/Year2/Information-Processing/lab3/src/Golden_Top" --jdi C:/Users/adam_/Desktop/Imperial/Year2/Information-Processing/lab3/src/Golden_Top/software/accelerometer_c_bsp/../../DE10_LITE_Golden_Top.jdi --sopcinfo C:/Users/adam_/Desktop/Imperial/Year2/Information-Processing/lab3/src/Golden_Top/software/accelerometer_c_bsp/../../nios_accelerometer.sopcinfo
Info: (accelerometer_c.elf) 2600 Bytes program size (code + initialized data).
Info:                       61 KBytes free for stack + heap.
Info: Creating accelerometer_c.objdump
nios2-elf-objdump --disassemble --syms --all-header --source accelerometer_c.elf >accelerometer_c.objdump
[accelerometer_c build complete]
10:01:51 **** Incremental Build of configuration Nios II for project accelerometer_c ****
make all 
Info: Building ../accelerometer_c_bsp/
C:/intelFPGA_lite/18.1/nios2eds/bin/gnu/H-x86_64-mingw32/bin/make --no-print-directory -C ../accelerometer_c_bsp/
[BSP build complete]
[accelerometer_c build complete]
