17:52:59 **** Incremental Build of configuration Nios II for project hello_world_sw ****
make all 
Info: Building ../hello_world_sw_bsp/
C:/intelFPGA_lite/18.1/nios2eds/bin/gnu/H-x86_64-mingw32/bin/make --no-print-directory -C ../hello_world_sw_bsp/
[BSP build complete]
[hello_world_sw build complete]
18:03:58 **** Build of configuration Nios II for project hello_world_sw ****
make all 
Info: Building ../hello_world_sw_bsp/
C:/intelFPGA_lite/18.1/nios2eds/bin/gnu/H-x86_64-mingw32/bin/make --no-print-directory -C ../hello_world_sw_bsp/
[BSP build complete]
[hello_world_sw build complete]
18:10:00 **** Incremental Build of configuration Nios II for project hello_world_sw ****
make all 
Info: Building ../hello_world_sw_bsp/
C:/intelFPGA_lite/18.1/nios2eds/bin/gnu/H-x86_64-mingw32/bin/make --no-print-directory -C ../hello_world_sw_bsp/
[BSP build complete]
[hello_world_sw build complete]
18:10:59 **** Build of configuration Nios II for project hello_world_sw ****
make all 
Info: Building ../hello_world_sw_bsp/
C:/intelFPGA_lite/18.1/nios2eds/bin/gnu/H-x86_64-mingw32/bin/make --no-print-directory -C ../hello_world_sw_bsp/
[BSP build complete]
[hello_world_sw build complete]
18:11:00 **** Incremental Build of configuration Nios II for project hello_world_sw ****
make all 
Info: Building ../hello_world_sw_bsp/
C:/intelFPGA_lite/18.1/nios2eds/bin/gnu/H-x86_64-mingw32/bin/make --no-print-directory -C ../hello_world_sw_bsp/
[BSP build complete]
[hello_world_sw build complete]
18:11:41 **** Incremental Build of configuration Nios II for project hello_world_sw ****
make all 
Info: Building ../hello_world_sw_bsp/
C:/intelFPGA_lite/18.1/nios2eds/bin/gnu/H-x86_64-mingw32/bin/make --no-print-directory -C ../hello_world_sw_bsp/
[BSP build complete]
[hello_world_sw build complete]
